1	0.000782013	start	
2	17.2149	mouseDown	{button:1, clickCount:1, hotSpot:[169.794212, 752.37045]}
3	17.4616	mouseUp	{button:1, clickCount:1, hotSpot:[169.794212, 752.37045]}
4	27.3953	mouseDown	{button:1, clickCount:1, hotSpot:[354.707395, 43.573876], waitFor:5.4453390240669250e+00}
5	27.663	mouseUp	{button:1, clickCount:1, hotSpot:[354.707395, 43.573876]}
6	29.6348	keyDown	{modifiers:256, string:@"w", theKey:@"w"}
7	29.7391	keyUp	{modifiers:256, string:@"w", theKey:@"w"}
8	29.8272	keyDown	{modifiers:256, string:@"w", theKey:@"w"}
9	29.9611	keyUp	{modifiers:256, string:@"w", theKey:@"w"}
10	30.0281	keyDown	{modifiers:256, string:@"w", theKey:@"w"}
11	30.1604	keyUp	{modifiers:256, string:@"w", theKey:@"w"}
12	32.1578	keyDown	{modifiers:256, string:@"\u007f", theKey:@"\u007f"}
13	32.6599	keyDown	{modifiers:256, string:@"\u007f", theKey:@"\u007f"}
14	32.7613	keyDown	{modifiers:256, string:@"\u007f", theKey:@"\u007f"}
15	32.822	keyDown	{modifiers:256, string:@"\u007f", theKey:@"\u007f"}
16	32.8646	keyUp	{modifiers:256, string:@"\u007f", theKey:@"\u007f"}
17	34.6854	keyDown	{modifiers:256, string:@"a", theKey:@"a"}
18	35.2536	keyUp	{modifiers:256, string:@"a", theKey:@"a"}
19	35.3734	keyDown	{modifiers:256, string:@"m", theKey:@"m"}
20	35.4617	keyUp	{modifiers:256, string:@"m", theKey:@"m"}
21	35.9626	keyDown	{modifiers:256, string:@"a", theKey:@"a"}
22	36.0454	keyUp	{modifiers:256, string:@"a", theKey:@"a"}
23	36.9635	keyDown	{modifiers:256, string:@"z", theKey:@"z"}
24	37.0365	keyUp	{modifiers:256, string:@"z", theKey:@"z"}
25	37.7633	keyDown	{modifiers:256, string:@"o", theKey:@"o"}
26	37.8637	keyUp	{modifiers:256, string:@"o", theKey:@"o"}
27	38.0635	keyDown	{modifiers:256, string:@"n", theKey:@"n"}
28	38.1258	keyUp	{modifiers:256, string:@"n", theKey:@"n"}
29	39.7285	keyDown	{modifiers:256, string:@"\r", theKey:@"\r"}
30	39.8647	keyUp	{modifiers:256, string:@"\r", theKey:@"\r"}
31	49.2959	mouseDown	{button:1, clickCount:1, hotSpot:[237.70418, 119.40257], waitFor:3.8530395627021790e+00}
32	49.5627	mouseUp	{button:1, clickCount:0, hotSpot:[237.70418, 120.321199]}
33	52.6631	mouseDown	{button:1, clickCount:1, hotSpot:[304.958199, 251.852248]}
34	52.87	mouseUp	{button:1, clickCount:1, hotSpot:[304.958199, 251.852248]}
35	69.8146	end	
